<?xml version="1.0" encoding="UTF-8"?>
<testng-results skipped="0" failed="0" total="1" passed="1">
  <reporter-output>
  </reporter-output>
  <suite name="Edge-Suite" duration-ms="154669" started-at="2017-08-24T21:25:28Z" finished-at="2017-08-24T21:28:03Z">
    <groups>
    </groups>
    <test name="Edge-Test" duration-ms="154669" started-at="2017-08-24T21:25:28Z" finished-at="2017-08-24T21:28:03Z">
      <class name="com.lufthansa.tests.HomepageTest">
        <test-method status="PASS" signature="init(java.lang.String)[pri:0, instance:com.lufthansa.tests.HomepageTest@327471b5]" name="init" is-config="true" duration-ms="13052" started-at="2017-08-25T02:55:15Z" finished-at="2017-08-25T02:55:28Z">
          <params>
            <param index="0">
              <value>
                <![CDATA[edge]]>
              </value>
            </param>
          </params>
          <reporter-output>
          </reporter-output>
        </test-method> <!-- init -->
        <test-method status="PASS" signature="getDriver()[pri:0, instance:com.lufthansa.tests.HomepageTest@327471b5]" name="getDriver" is-config="true" duration-ms="0" started-at="2017-08-25T02:55:28Z" finished-at="2017-08-25T02:55:28Z">
          <reporter-output>
          </reporter-output>
        </test-method> <!-- getDriver -->
        <test-method status="PASS" signature="beforeMethod(java.lang.reflect.Method)[pri:0, instance:com.lufthansa.tests.HomepageTest@327471b5]" name="beforeMethod" is-config="true" duration-ms="4" started-at="2017-08-25T02:55:28Z" finished-at="2017-08-25T02:55:28Z">
          <params>
            <param index="0">
              <value>
                <![CDATA[public void com.lufthansa.tests.HomepageTest.bookTicket() throws java.lang.Exception]]>
              </value>
            </param>
          </params>
          <reporter-output>
          </reporter-output>
        </test-method> <!-- beforeMethod -->
        <test-method status="PASS" signature="bookTicket()[pri:0, instance:com.lufthansa.tests.HomepageTest@327471b5]" name="bookTicket" duration-ms="154641" started-at="2017-08-25T02:55:28Z" finished-at="2017-08-25T02:58:03Z">
          <reporter-output>
          </reporter-output>
        </test-method> <!-- bookTicket -->
        <test-method status="PASS" signature="afterMethod(org.testng.ITestResult)[pri:0, instance:com.lufthansa.tests.HomepageTest@327471b5]" name="afterMethod" is-config="true" duration-ms="0" started-at="2017-08-25T02:58:03Z" finished-at="2017-08-25T02:58:03Z">
          <params>
            <param index="0">
              <value>
                <![CDATA[[TestResult name=bookTicket status=SUCCESS method=HomepageTest.bookTicket()[pri:0, instance:com.lufthansa.tests.HomepageTest@327471b5] output={null}]]]>
              </value>
            </param>
          </params>
          <reporter-output>
          </reporter-output>
        </test-method> <!-- afterMethod -->
        <test-method status="PASS" signature="cleanup()[pri:0, instance:com.lufthansa.tests.HomepageTest@327471b5]" name="cleanup" is-config="true" duration-ms="500" started-at="2017-08-25T02:58:03Z" finished-at="2017-08-25T02:58:03Z">
          <reporter-output>
          </reporter-output>
        </test-method> <!-- cleanup -->
      </class> <!-- com.lufthansa.tests.HomepageTest -->
    </test> <!-- Edge-Test -->
  </suite> <!-- Edge-Suite -->
</testng-results>
