<?xml version="1.0" encoding="UTF-8"?>
<testng-results skipped="0" failed="0" total="1" passed="1">
  <reporter-output>
  </reporter-output>
  <suite name="Edge-Suite" duration-ms="140872" started-at="2017-08-25T06:04:48Z" finished-at="2017-08-25T06:07:09Z">
    <groups>
    </groups>
    <test name="Edge-Test" duration-ms="140872" started-at="2017-08-25T06:04:48Z" finished-at="2017-08-25T06:07:09Z">
      <class name="com.lufthansa.tests.HomepageTest">
        <test-method status="PASS" signature="init(java.lang.String)[pri:0, instance:com.lufthansa.tests.HomepageTest@6f7fd0e6]" name="init" is-config="true" duration-ms="15721" started-at="2017-08-25T11:34:33Z" finished-at="2017-08-25T11:34:48Z">
          <params>
            <param index="0">
              <value>
                <![CDATA[edge]]>
              </value>
            </param>
          </params>
          <reporter-output>
          </reporter-output>
        </test-method> <!-- init -->
        <test-method status="PASS" signature="getDriver()[pri:0, instance:com.lufthansa.tests.HomepageTest@6f7fd0e6]" name="getDriver" is-config="true" duration-ms="0" started-at="2017-08-25T11:34:48Z" finished-at="2017-08-25T11:34:48Z">
          <reporter-output>
          </reporter-output>
        </test-method> <!-- getDriver -->
        <test-method status="PASS" signature="beforeMethod(java.lang.reflect.Method)[pri:0, instance:com.lufthansa.tests.HomepageTest@6f7fd0e6]" name="beforeMethod" is-config="true" duration-ms="12" started-at="2017-08-25T11:34:48Z" finished-at="2017-08-25T11:34:48Z">
          <params>
            <param index="0">
              <value>
                <![CDATA[public void com.lufthansa.tests.HomepageTest.bookTicket() throws java.lang.Exception]]>
              </value>
            </param>
          </params>
          <reporter-output>
          </reporter-output>
        </test-method> <!-- beforeMethod -->
        <test-method status="PASS" signature="bookTicket()[pri:0, instance:com.lufthansa.tests.HomepageTest@6f7fd0e6]" name="bookTicket" duration-ms="140810" started-at="2017-08-25T11:34:48Z" finished-at="2017-08-25T11:37:09Z">
          <reporter-output>
          </reporter-output>
        </test-method> <!-- bookTicket -->
        <test-method status="PASS" signature="afterMethod(org.testng.ITestResult)[pri:0, instance:com.lufthansa.tests.HomepageTest@6f7fd0e6]" name="afterMethod" is-config="true" duration-ms="5" started-at="2017-08-25T11:37:09Z" finished-at="2017-08-25T11:37:09Z">
          <params>
            <param index="0">
              <value>
                <![CDATA[[TestResult name=bookTicket status=SUCCESS method=HomepageTest.bookTicket()[pri:0, instance:com.lufthansa.tests.HomepageTest@6f7fd0e6] output={null}]]]>
              </value>
            </param>
          </params>
          <reporter-output>
          </reporter-output>
        </test-method> <!-- afterMethod -->
        <test-method status="PASS" signature="cleanup()[pri:0, instance:com.lufthansa.tests.HomepageTest@6f7fd0e6]" name="cleanup" is-config="true" duration-ms="511" started-at="2017-08-25T11:37:09Z" finished-at="2017-08-25T11:37:10Z">
          <reporter-output>
          </reporter-output>
        </test-method> <!-- cleanup -->
      </class> <!-- com.lufthansa.tests.HomepageTest -->
    </test> <!-- Edge-Test -->
  </suite> <!-- Edge-Suite -->
</testng-results>
